<?xml version="1.0" encoding="UTF-8"?>
<!-- Generated by org.testng.reporters.JUnitReportReporter -->
<testsuite hostname="LAPTOP-0NT22F0F" failures="0" tests="3" name="com.crm.qa.testcases.BaseUrlTest" time="16.461" errors="0" timestamp="2022-08-01T23:01:59 BST" skipped="0">
  <testcase classname="com.crm.qa.testcases.BaseUrlTest" name="clickLoginTest" time="10.380"/>
  <system-out/>
  <testcase classname="com.crm.qa.testcases.BaseUrlTest" name="BaseUrlPageLogoTest" time="3.333"/>
  <system-out/>
  <testcase classname="com.crm.qa.testcases.BaseUrlTest" name="BaseUrlTittletest" time="2.748"/>
  <system-out/>
</testsuite> <!-- com.crm.qa.testcases.BaseUrlTest -->
